<?xml version="1.0" encoding="UTF-8"?>
<testsuite name="PercolationTest" tests="3" skipped="0" failures="0" errors="0" timestamp="2017-10-15T07:58:56" hostname="ubuntu" time="0.003">
  <properties/>
  <testcase name="testPercolates" classname="PercolationTest" time="0.001"/>
  <testcase name="testOpen" classname="PercolationTest" time="0.0"/>
  <testcase name="testConstructor" classname="PercolationTest" time="0.0"/>
  <system-out><![CDATA[]]></system-out>
  <system-err><![CDATA[]]></system-err>
</testsuite>
